<?xml version="1.0" encoding="UTF-8"?>
<!-- Generated by org.testng.reporters.JUnitXMLReporter -->
<testsuite hostname="lenovo-PC" ignored="0" name="GoogleMain" tests="1" failures="0" timestamp="30 Aug 2017 21:01:47 GMT" time="0.043" errors="0">
  <testcase name="@BeforeClass initDriver" time="0.0" classname="selenium.automation.test.base.DriverTestBase">
    <failure type="org.testng.TestNGException" message="
Parameter &amp;apos;browser&amp;apos; is required by BeforeClass on method initDriver but has not been marked @Optional or defined
in C:\Users\Duc Phan\eclipse-workspace\SeleniumAutomation\build\resources\test\testng.xml">
      <![CDATA[org.testng.TestNGException: 
Parameter 'browser' is required by BeforeClass on method initDriver but has not been marked @Optional or defined
in C:\Users\Duc Phan\eclipse-workspace\SeleniumAutomation\build\resources\test\testng.xml
... Removed 22 stack frames]]>
    </failure>
  </testcase> <!-- @BeforeClass initDriver -->
  <testcase name="testMainPage" time="0.001" classname="selenium.automation.test.cases.TestGoogle">
    <skipped/>
  </testcase> <!-- testMainPage -->
</testsuite> <!-- GoogleMain -->
